Drill Listing
=============
Drill: .015  Tool: 1  Feed: 95  Speed: 300
X 125000  Y 110000
X 125000  Y 120000
X 131300  Y 127400
X 129600  Y 148300
X 132300  Y 177700
X 125000  Y 180000
X 125000  Y 210000
X 140000  Y 225000
X 150000  Y 225000
X 145000  Y 210000
X 145000  Y 175000
X 134800  Y 171700
X 145000  Y 160000
X 135100  Y 156400
X 155000  Y 130000
X 145100  Y 119100
X 155000  Y 105000
X 142500  Y 105000
X 184100  Y 118500
X 166900  Y 119000
X 180600  Y 122500
X 180700  Y 127400
X 166200  Y 141400
X 174000  Y 142400
X 169400  Y 143700
X 179600  Y 150100
X 177500  Y 157500
X 165000  Y 160000
X 177500  Y 167500
X 166400  Y 173500
X 178700  Y 177200
X 160000  Y 180000
X 181000  Y 208000
X 160000  Y 225000
X 202500  Y 225000
X 204000  Y 199000
X 190500  Y 178600
X 190000  Y 173300
X 190400  Y 165100
X 193000  Y 160700
X 189300  Y 142100
X 189100  Y 137900
X 205500  Y 137600
X 185500  Y 130900
X 188700  Y 127200
X 188200  Y 118500
X 208400  Y 114800
X 231600  Y 105400
X 222500  Y 114600
X 217400  Y 114800
X 213400  Y 114900
X 225100  Y 121800
X 226200  Y 126400
X 226000  Y 131800
X 211400  Y 131900
X 220400  Y 152200
X 223700  Y 154500
X 217500  Y 155000
X 221200  Y 166000
X 233500  Y 170000
X 247000  Y 171000
X 242500  Y 150000
X 254900  Y 149300
X 256700  Y 138200
X 254100  Y 126600
X 241000  Y 117700
X 241900  Y 113500
X 253800  Y 112200
X 253800  Y 107200
X 262500  Y 112500
X 262500  Y 130000
X 260900  Y 138900
X 270600  Y 149200
X 263200  Y 164600
X 269200  Y 171600
X 263200  Y 184600
X 280000  Y 195000
X 260000  Y 225000
X 270000  Y 225000
X 292500  Y 195000

Drill: .0315  Tool: 2  Feed: 197  Speed: 550
X 134377  Y 112000
X 158000  Y 112000
X 150125  Y 112000
X 142251  Y 112000
X 206351  Y 217200
X 214225  Y 217200
X 222100  Y 217200
X 287700  Y 130200
X 287700  Y 138074
X 287700  Y 145948
X 287700  Y 153822
X 287700  Y 161696
X 287700  Y 169570

Drill: .04016  Tool: 3  Feed: 139  Speed: 550
X 252094  Y 193992
X 263905  Y 193992

Drill: .05906  Tool: 4  Feed: 107  Speed: 550
X 198084  Y 217200
X 230367  Y 217200

Drill: .08661  Tool: 5  Feed: 74  Speed: 550
X 110000  Y 110000
X 109500  Y 219600
X 288000  Y 220000
X 288000  Y 110000

Drill: .11811  Tool: 6  Feed: 69  Speed: 658
X 258000  Y 211000

End of Listing
