Drill Listing
=============
Drill: .015  Tool: 1  Feed: 95  Speed: 300
X 132000  Y 104000
X 125500  Y 104000
X 129000  Y 111000
X 127000  Y 116000
X 132000  Y 116000
X 133200  Y 138500
X 131500  Y 157500
X 131000  Y 165000
X 133200  Y 167800
X 131500  Y 173500
X 139100  Y 192100
X 140000  Y 186500
X 156600  Y 179700
X 143700  Y 171900
X 150300  Y 152900
X 138400  Y 145000
X 142100  Y 144800
X 146000  Y 140500
X 177000  Y 104000
X 176000  Y 126000
X 173000  Y 128800
X 169000  Y 129200
X 170200  Y 147600
X 187200  Y 191500
X 180000  Y 196000
X 188000  Y 196000
X 195000  Y 196000
X 211000  Y 196000
X 203000  Y 196000
X 209000  Y 191000
X 210000  Y 127000
X 198100  Y 123900
X 211000  Y 110000
X 208000  Y 104000
X 215000  Y 104000
X 228000  Y 132000
X 225000  Y 135000
X 216400  Y 154800
X 216000  Y 159000
X 212900  Y 187000
X 218000  Y 196000
X 258500  Y 172100
X 238100  Y 171100
X 255600  Y 169300
X 253000  Y 155000
X 251000  Y 127000
X 240000  Y 127000
X 251000  Y 110000
X 255000  Y 104000
X 247000  Y 104000
X 263000  Y 104000
X 271000  Y 114000
X 285000  Y 133000
X 276000  Y 133000
X 285000  Y 141000
X 276000  Y 141000
X 276000  Y 149000
X 292000  Y 180000
X 292000  Y 171000
X 292000  Y 163000
X 292000  Y 155000
X 292000  Y 147000
X 292000  Y 139000
X 292000  Y 132000
X 292000  Y 124000
X 292000  Y 116000

Drill: .0315  Tool: 2  Feed: 197  Speed: 550
X 284900  Y 150800
X 284900  Y 158674
X 284900  Y 166548
X 284900  Y 174422
X 284900  Y 182296
X 284900  Y 190170

Drill: .03228  Tool: 3  Feed: 197  Speed: 550
X 160125  Y 193000
X 152251  Y 193000
X 168000  Y 193000
X 183100  Y 107800
X 198848  Y 107800
X 190974  Y 107800

Drill: .04016  Tool: 4  Feed: 139  Speed: 550
X 262092  Y 114594
X 262092  Y 126405

Drill: .116  Tool: 5  Feed: 69  Speed: 658
X 112500  Y 112500
X 232500  Y 187500
X 232500  Y 112500

Drill: .11811  Tool: 6  Feed: 69  Speed: 658
X 279100  Y 120500

End of Listing
