Drill Listing
=============
Drill: .015  Tool: 1  Feed: 95  Speed: 300
X 104000  Y 127961
X 134000  Y 117961
X 144000  Y 127961
X 152400  Y 105600
X 164000  Y 127961
X 174000  Y 107961
X 174000  Y 117961
X 194000  Y 107961
X 194000  Y 117961
X 206900  Y 127800
X 214000  Y 107961
X 222100  Y 128600
X 234000  Y 107961
X 234000  Y 127961
X 254000  Y 107961
X 264000  Y 117961
X 274000  Y 107961
X 284000  Y 117961
X 294000  Y 107961
X 314000  Y 107961
X 314000  Y 117961
X 314000  Y 127961
X 324000  Y 127961
X 356000  Y 154000
X 349900  Y 138700
X 344000  Y 137961
X 334000  Y 137961
X 324000  Y 137961
X 324000  Y 147961
X 314000  Y 137961
X 314000  Y 147961
X 304000  Y 137961
X 304000  Y 147961
X 294000  Y 147961
X 294000  Y 137961
X 274000  Y 147961
X 264000  Y 147961
X 254000  Y 147961
X 244000  Y 147961
X 238300  Y 153600
X 226400  Y 146300
X 214700  Y 142700
X 206500  Y 137900
X 180300  Y 136700
X 104000  Y 177961
X 144000  Y 167961
X 154000  Y 167961
X 164000  Y 157961
X 164000  Y 177961
X 164000  Y 167961
X 222100  Y 164700
X 234000  Y 167961
X 264000  Y 167961
X 284000  Y 167961
X 294000  Y 177961
X 304000  Y 167961
X 314000  Y 167961
X 324000  Y 167961
X 354000  Y 177961
X 354000  Y 167961
X 370000  Y 193000
X 360700  Y 184500
X 354000  Y 197961
X 295500  Y 200800
X 279100  Y 186400
X 258508  Y 195500
X 258508  Y 185500
X 258500  Y 190700
X 240200  Y 188500
X 215000  Y 188000
X 215000  Y 193000
X 215000  Y 183000
X 209000  Y 193000
X 209000  Y 188000
X 209000  Y 183000
X 174000  Y 187961
X 114000  Y 187961
X 104000  Y 197961
X 104000  Y 230200
X 104000  Y 217961
X 114000  Y 227961
X 114000  Y 207961
X 123500  Y 229700
X 124000  Y 217961
X 134600  Y 227400
X 144000  Y 217961
X 154000  Y 227961
X 164000  Y 217961
X 174000  Y 227961
X 184000  Y 217961
X 191800  Y 217200
X 194000  Y 227961
X 195700  Y 223100
X 199800  Y 223100
X 203900  Y 223100
X 204000  Y 207961
X 220500  Y 214000
X 234700  Y 213900
X 240000  Y 220000
X 249300  Y 230100
X 252000  Y 221600
X 253300  Y 230400
X 257200  Y 225800
X 258000  Y 217000
X 261300  Y 227700
X 267300  Y 207100
X 267300  Y 215400
X 274000  Y 217961
X 276100  Y 213600
X 295600  Y 216400
X 299300  Y 212700
X 324000  Y 227961
X 334000  Y 217961
X 339400  Y 214500
X 344000  Y 207961
X 354000  Y 217961
X 354000  Y 227961
X 364000  Y 207961
X 368500  Y 241400
X 364000  Y 247961
X 359800  Y 232500
X 354000  Y 247961
X 344000  Y 237961
X 334000  Y 237961
X 324000  Y 247961
X 314000  Y 237961
X 314000  Y 247961
X 304000  Y 247961
X 294000  Y 247961
X 284000  Y 247961
X 283000  Y 241000
X 271500  Y 240800
X 264800  Y 240500
X 258600  Y 241700
X 255100  Y 241900
X 250700  Y 241800
X 235600  Y 255500
X 235200  Y 242400
X 229000  Y 248800
X 224000  Y 239500
X 221500  Y 242600
X 213000  Y 237200
X 208400  Y 246400
X 208400  Y 235300
X 204000  Y 247961
X 194000  Y 247961
X 184000  Y 247961
X 174000  Y 247961
X 164000  Y 247961
X 157500  Y 248900
X 154000  Y 247961
X 150100  Y 236700
X 145100  Y 247900
X 144000  Y 237961
X 131600  Y 231800
X 114000  Y 247961
X 114000  Y 267961
X 124000  Y 278600
X 124000  Y 257961
X 134000  Y 267961
X 144000  Y 277961
X 157500  Y 258700
X 174000  Y 265961
X 184000  Y 265961
X 191000  Y 270000
X 200000  Y 273000
X 204000  Y 257961
X 208000  Y 273000
X 210100  Y 257900
X 211900  Y 280500
X 212100  Y 277000
X 213700  Y 258000
X 219000  Y 276500
X 219500  Y 280300
X 230500  Y 262500
X 243100  Y 263600
X 246600  Y 261000
X 248400  Y 265500
X 251000  Y 268600
X 255200  Y 255700
X 258700  Y 255900
X 262000  Y 268000
X 262000  Y 279200
X 276300  Y 270300
X 288300  Y 279300
X 293300  Y 268600
X 304000  Y 267961
X 306800  Y 270200
X 306900  Y 280000
X 314000  Y 257961
X 314000  Y 267961
X 314400  Y 273200
X 315000  Y 277500
X 323800  Y 277500
X 324600  Y 272800
X 334000  Y 267961
X 340400  Y 275000
X 344000  Y 267961
X 354000  Y 277961
X 364000  Y 257961
X 364000  Y 267961
X 362900  Y 301400
X 359900  Y 291800
X 354000  Y 287961
X 344000  Y 297961
X 334000  Y 287961
X 328000  Y 292000
X 324000  Y 297961
X 309000  Y 294000
X 304000  Y 297961
X 294000  Y 297961
X 293100  Y 286500
X 284000  Y 297961
X 279200  Y 296800
X 274000  Y 297961
X 270000  Y 294000
X 265800  Y 284500
X 256700  Y 287200
X 253600  Y 289200
X 239300  Y 290500
X 236400  Y 284800
X 232200  Y 282300
X 227400  Y 291900
X 223400  Y 300800
X 222700  Y 292500
X 221600  Y 297700
X 219200  Y 291700
X 213100  Y 302400
X 208700  Y 302200
X 208100  Y 292800
X 207800  Y 284200
X 204000  Y 287961
X 203500  Y 302200
X 194000  Y 297961
X 185100  Y 283000
X 180100  Y 302400
X 174800  Y 283000
X 174000  Y 287961
X 164000  Y 297961
X 151800  Y 288000
X 144000  Y 297961
X 134000  Y 287961
X 124000  Y 297961
X 114000  Y 287961
X 105200  Y 288400
X 104000  Y 297961
X 104000  Y 317961
X 104000  Y 307961
X 104000  Y 327961
X 123400  Y 319800
X 144000  Y 327961
X 145500  Y 321900
X 174000  Y 317961
X 199100  Y 308600
X 209300  Y 313200
X 212200  Y 311100
X 215700  Y 313800
X 219500  Y 309100
X 219500  Y 312700
X 222800  Y 323700
X 223000  Y 312700
X 224000  Y 327961
X 230200  Y 326000
X 235300  Y 309500
X 236500  Y 313200
X 240000  Y 313100
X 242700  Y 310500
X 248400  Y 313600
X 248600  Y 322700
X 251900  Y 325200
X 252300  Y 317700
X 274000  Y 327961
X 284000  Y 327961
X 314000  Y 307961
X 324000  Y 317961
X 334000  Y 327961
X 344000  Y 317961
X 344000  Y 327961
X 354000  Y 327961
X 354000  Y 307961
X 364000  Y 307961
X 364000  Y 317961
X 364000  Y 327961
X 360000  Y 350500
X 354000  Y 337961
X 354000  Y 347961
X 340400  Y 332300
X 214000  Y 337961
X 194000  Y 337961
X 174000  Y 337961
X 134000  Y 347961
X 134000  Y 337961
X 124000  Y 347961
X 124000  Y 337961
X 117800  Y 340000
X 104000  Y 357961
X 104000  Y 367961
X 114000  Y 357961
X 114000  Y 367961
X 124000  Y 357961
X 124000  Y 367961
X 134000  Y 357961
X 134000  Y 377961
X 134000  Y 367961
X 144000  Y 357961
X 144000  Y 377961
X 144000  Y 367961
X 354000  Y 367961
X 357800  Y 363900
X 364000  Y 357961
X 364000  Y 377961
X 354000  Y 387961
X 144000  Y 387961
X 134000  Y 387961

Drill: .0315  Tool: 2  Feed: 197  Speed: 550
X 319400  Y 111400
X 327274  Y 111400
X 335148  Y 111400
X 343022  Y 111400
X 350896  Y 111400
X 358770  Y 111400
X 388000  Y 150874
X 388000  Y 143000
X 388000  Y 174496
X 388000  Y 166622
X 388000  Y 158748
X 388000  Y 202000
X 388000  Y 182370
X 327000  Y 187000
X 319125  Y 187000
X 318125  Y 213000
X 326000  Y 213000
X 388000  Y 225622
X 388000  Y 209874
X 388000  Y 217748
X 388000  Y 233496
X 388000  Y 241370
X 388000  Y 276748
X 388000  Y 261000
X 388000  Y 268874
X 388000  Y 300370
X 388000  Y 292496
X 388000  Y 284622
X 180877  Y 331700
X 188751  Y 331700
X 196625  Y 331700
X 204500  Y 331700
X 336000  Y 306125
X 336000  Y 314000
X 388000  Y 336748
X 388000  Y 352496
X 388000  Y 344622
X 388000  Y 321000
X 388000  Y 328874
X 388000  Y 360370

Drill: .03228  Tool: 3  Feed: 197  Speed: 550
X 112400  Y 302500
X 112400  Y 310374
X 112400  Y 318248
X 112400  Y 326122

Drill: .035  Tool: 4  Feed: 197  Speed: 550
X 258700  Y 138800
X 262700  Y 131800
X 266700  Y 138800
X 270700  Y 131800
X 274700  Y 138800
X 278700  Y 131800
X 282700  Y 138800
X 286700  Y 131800
X 299700  Y 157800
X 290700  Y 157800
X 254700  Y 157878
X 245700  Y 157800

Drill: .0374  Tool: 5  Feed: 197  Speed: 550
X 125363  Y 248438
X 125363  Y 265761

Drill: .071  Tool: 6  Feed: 81  Speed: 550
X 157000  Y 203000
X 178700  Y 203000

Drill: .116  Tool: 7  Feed: 69  Speed: 658
X 115000  Y 115000
X 385000  Y 115000
X 385000  Y 385000
X 115000  Y 385000

Drill: .118  Tool: 8  Feed: 69  Speed: 658
X 128300  Y 203000

Drill: .128  Tool: 9  Feed: 35  Speed: 794
X 247700  Y 121800
X 297700  Y 121800

End of Listing
